<?xml version="1.0" encoding="UTF-8"?>
<Site BuildName="(empty)"
	BuildStamp="20260618-0820-Experimental"
	Name="wsq-VirtualBox"
	Generator="ctest-3.22.1"
	CompilerName="/usr/bin/g++"
	CompilerVersion="11.4.0"
	OSName="Linux"
	Hostname="wsq-VirtualBox"
	OSRelease="6.8.0-117-generic"
	OSVersion="#117~22.04.1-Ubuntu SMP PREEMPT_DYNAMIC Thu May  7 22:17:46 UTC "
	OSPlatform="x86_64"
	Is64Bits="1"
	VendorString="AuthenticAMD"
	VendorID="Advanced Micro Devices"
	FamilyID="25"
	ModelID="68"
	ProcessorCacheSize="512"
	NumberOfLogicalCPU="5"
	NumberOfPhysicalCPU="5"
	TotalVirtualMemory="2047"
	TotalPhysicalMemory="5685"
	LogicalProcessorsPerPhysical="1"
	ProcessorClockFrequency="3194"
	>
	<Testing>
		<StartDateTime>Jun 18 16:20 CST</StartDateTime>
		<StartTestTime>1781770842</StartTestTime>
		<TestList/>
		<EndDateTime>Jun 18 16:20 CST</EndDateTime>
		<EndTestTime>1781770842</EndTestTime>
		<ElapsedMinutes>0</ElapsedMinutes>
	</Testing>
</Site>
